Using pre-set license
Built from '2020.3/staging' branch; Version is '2020.3.6f1 (338bb68529b2) revision 3378102'; Using compiler version '192528614'; Build Type 'Release'
OS: 'Windows 10 Home Single Language; OS build 18363.1500; Version 1909; 64bit' Language: 'pt' Physical Memory: 16252 MB
BatchMode: 1, IsHumanControllingUs: 0, StartBugReporterOnCrash: 0, Is64bit: 1, IsPro: 0

 COMMAND LINE ARGUMENTS:
C:\Program Files\Unity\Hub\Editor\2020.3.6f1\Editor\Unity.exe
-adb2
-batchMode
-noUpm
-name
AssetImportWorker0
-projectPath
C:/Users/eduar/Documents/GitHub/teletennis/Teletennis
-logFile
Logs/AssetImportWorker0.log
-srvPort
64987
Successfully changed project path to: C:/Users/eduar/Documents/GitHub/teletennis/Teletennis
C:/Users/eduar/Documents/GitHub/teletennis/Teletennis
Using Asset Import Pipeline V2.
Refreshing native plugins compatible for Editor in 32.62 ms, found 0 plugins.
Preloading 0 native plugins for Editor in 0.00 ms.
Initialize engine version: 2020.3.6f1 (338bb68529b2)
[Subsystems] Discovering subsystems at path C:/Program Files/Unity/Hub/Editor/2020.3.6f1/Editor/Data/Resources/UnitySubsystems
[Subsystems] Discovering subsystems at path C:/Users/eduar/Documents/GitHub/teletennis/Teletennis/Assets
GfxDevice: creating device client; threaded=0
Direct3D:
    Version:  Direct3D 11.0 [level 11.1]
    Renderer: Intel(R) HD Graphics 630 (ID=0x591b)
    Vendor:   
    VRAM:     8126 MB
    Driver:   22.20.16.4691
Initialize mono
Mono path[0] = 'C:/Program Files/Unity/Hub/Editor/2020.3.6f1/Editor/Data/Managed'
Mono path[1] = 'C:/Program Files/Unity/Hub/Editor/2020.3.6f1/Editor/Data/MonoBleedingEdge/lib/mono/unityjit'
Mono config path = 'C:/Program Files/Unity/Hub/Editor/2020.3.6f1/Editor/Data/MonoBleedingEdge/etc'
Using monoOptions --debugger-agent=transport=dt_socket,embedding=1,server=y,suspend=n,address=127.0.0.1:56008
Begin MonoManager ReloadAssembly
Registering precompiled unity dll's ...
Register platform support module: C:/Program Files/Unity/Hub/Editor/2020.3.6f1/Editor/Data/PlaybackEngines/WindowsStandaloneSupport/UnityEditor.WindowsStandalone.Extensions.dll
Registered in 0.001956 seconds.
Native extension for WindowsStandalone target not found
Refreshing native plugins compatible for Editor in 30.72 ms, found 0 plugins.
Preloading 0 native plugins for Editor in 0.00 ms.
Mono: successfully reloaded assembly
- Completed reload, in  1.142 seconds
Platform modules already initialized, skipping
Registering precompiled user dll's ...
Registered in 0.002809 seconds.
Begin MonoManager ReloadAssembly
Native extension for WindowsStandalone target not found
Refreshing native plugins compatible for Editor in 0.30 ms, found 0 plugins.
Preloading 0 native plugins for Editor in 0.00 ms.
Mono: successfully reloaded assembly
- Completed reload, in  0.950 seconds
Platform modules already initialized, skipping
========================================================================
Worker process is ready to serve import requests
Launched and connected shader compiler UnityShaderCompiler.exe after 0.06 seconds
Refreshing native plugins compatible for Editor in 0.50 ms, found 0 plugins.
Preloading 0 native plugins for Editor in 0.00 ms.
Unloading 1355 Unused Serialized files (Serialized files now loaded: 0)
System memory in use before: 66.9 MB.
System memory in use after: 67.0 MB.

Unloading 16 unused Assets to reduce memory usage. Loaded Objects now: 1794.
Total: 2.655200 ms (FindLiveObjects: 0.293600 ms CreateObjectMapping: 0.092100 ms MarkObjects: 2.177400 ms  DeleteObjects: 0.090800 ms)

========================================================================
Received Import Request.
  path: Assets/Photon/PhotonUnityNetworking/Resources/PhotonServerSettings.asset
  artifactKey: Guid(cd19416d2400c234ab556e14672ecb9b) Importer(815301076,1909f56bfc062723c751e8b465ee728b)
Start importing Assets/Photon/PhotonUnityNetworking/Resources/PhotonServerSettings.asset using Guid(cd19416d2400c234ab556e14672ecb9b) Importer(815301076,1909f56bfc062723c751e8b465ee728b)  -> (artifact id: '3775c25d883bc656f3846c70b8677403') in 0.044285 seconds
  Import took 0.046541 seconds .

========================================================================
Received Prepare
Registering precompiled user dll's ...
Registered in 0.003382 seconds.
Begin MonoManager ReloadAssembly
Native extension for WindowsStandalone target not found
Refreshing native plugins compatible for Editor in 0.28 ms, found 0 plugins.
Preloading 0 native plugins for Editor in 0.00 ms.
Mono: successfully reloaded assembly
- Completed reload, in  0.948 seconds
Platform modules already initialized, skipping
Refreshing native plugins compatible for Editor in 0.58 ms, found 0 plugins.
Preloading 0 native plugins for Editor in 0.00 ms.
Unloading 1336 Unused Serialized files (Serialized files now loaded: 0)
System memory in use before: 65.5 MB.
System memory in use after: 65.6 MB.

Unloading 10 unused Assets to reduce memory usage. Loaded Objects now: 1798.
Total: 3.547500 ms (FindLiveObjects: 0.373800 ms CreateObjectMapping: 0.152900 ms MarkObjects: 2.928400 ms  DeleteObjects: 0.090800 ms)

========================================================================
Received Import Request.
  Time since last request: 214.980625 seconds.
  path: Assets/Scripts/bola.cs
  artifactKey: Guid(7de6817a0d1ecc34ab94cc539b25b3a7) Importer(815301076,1909f56bfc062723c751e8b465ee728b)
Start importing Assets/Scripts/bola.cs using Guid(7de6817a0d1ecc34ab94cc539b25b3a7) Importer(815301076,1909f56bfc062723c751e8b465ee728b)  -> (artifact id: '51e8b5699314447d50b867906be7d3cd') in 0.012486 seconds
  Import took 0.015585 seconds .

========================================================================
Received Import Request.
  Time since last request: 22.305676 seconds.
  path: Assets/Scripts/GameManager.cs
  artifactKey: Guid(6ba3a5d3b9925b44a81f50cc04c4d0e4) Importer(815301076,1909f56bfc062723c751e8b465ee728b)
Start importing Assets/Scripts/GameManager.cs using Guid(6ba3a5d3b9925b44a81f50cc04c4d0e4) Importer(815301076,1909f56bfc062723c751e8b465ee728b)  -> (artifact id: '51f2c8cc8a18e2a12ace155c9ae4c9f9') in 0.019317 seconds
  Import took 0.021995 seconds .

========================================================================
Received Prepare
Registering precompiled user dll's ...
Registered in 0.002885 seconds.
Begin MonoManager ReloadAssembly
Native extension for WindowsStandalone target not found
Refreshing native plugins compatible for Editor in 0.27 ms, found 0 plugins.
Preloading 0 native plugins for Editor in 0.00 ms.
Mono: successfully reloaded assembly
- Completed reload, in  0.886 seconds
Platform modules already initialized, skipping
Refreshing native plugins compatible for Editor in 0.57 ms, found 0 plugins.
Preloading 0 native plugins for Editor in 0.00 ms.
Unloading 1337 Unused Serialized files (Serialized files now loaded: 0)
System memory in use before: 65.6 MB.
System memory in use after: 65.6 MB.

Unloading 10 unused Assets to reduce memory usage. Loaded Objects now: 1803.
Total: 2.860500 ms (FindLiveObjects: 0.263800 ms CreateObjectMapping: 0.130800 ms MarkObjects: 2.377400 ms  DeleteObjects: 0.087400 ms)

========================================================================
Received Import Request.
  Time since last request: 100.651881 seconds.
  path: Assets/Scripts/GameManager.cs
  artifactKey: Guid(6ba3a5d3b9925b44a81f50cc04c4d0e4) Importer(815301076,1909f56bfc062723c751e8b465ee728b)
Start importing Assets/Scripts/GameManager.cs using Guid(6ba3a5d3b9925b44a81f50cc04c4d0e4) Importer(815301076,1909f56bfc062723c751e8b465ee728b)  -> (artifact id: 'e885b7e7b58a5c1a5aa3c5534dc04119') in 0.008414 seconds
  Import took 0.012412 seconds .

========================================================================
Received Prepare
Registering precompiled user dll's ...
Registered in 0.004078 seconds.
Begin MonoManager ReloadAssembly
Native extension for WindowsStandalone target not found
Refreshing native plugins compatible for Editor in 0.29 ms, found 0 plugins.
Preloading 0 native plugins for Editor in 0.00 ms.
Mono: successfully reloaded assembly
- Completed reload, in  1.023 seconds
Platform modules already initialized, skipping
Refreshing native plugins compatible for Editor in 0.72 ms, found 0 plugins.
Preloading 0 native plugins for Editor in 0.00 ms.
Unloading 1337 Unused Serialized files (Serialized files now loaded: 0)
System memory in use before: 65.6 MB.
System memory in use after: 65.7 MB.

Unloading 10 unused Assets to reduce memory usage. Loaded Objects now: 1807.
Total: 3.398900 ms (FindLiveObjects: 0.293500 ms CreateObjectMapping: 0.093300 ms MarkObjects: 2.927000 ms  DeleteObjects: 0.083400 ms)

========================================================================
Received Import Request.
  Time since last request: 581.979549 seconds.
  path: Assets/Scripts/GameManager.cs
  artifactKey: Guid(6ba3a5d3b9925b44a81f50cc04c4d0e4) Importer(815301076,1909f56bfc062723c751e8b465ee728b)
Start importing Assets/Scripts/GameManager.cs using Guid(6ba3a5d3b9925b44a81f50cc04c4d0e4) Importer(815301076,1909f56bfc062723c751e8b465ee728b)  -> (artifact id: '667f82a45030404379b6aa8b84097ae1') in 0.004766 seconds
  Import took 0.007323 seconds .

========================================================================
Received Prepare
Registering precompiled user dll's ...
Registered in 0.002937 seconds.
Begin MonoManager ReloadAssembly
Native extension for WindowsStandalone target not found
Refreshing native plugins compatible for Editor in 0.28 ms, found 0 plugins.
Preloading 0 native plugins for Editor in 0.00 ms.
Mono: successfully reloaded assembly
- Completed reload, in  0.975 seconds
Platform modules already initialized, skipping
Refreshing native plugins compatible for Editor in 0.51 ms, found 0 plugins.
Preloading 0 native plugins for Editor in 0.00 ms.
Unloading 1337 Unused Serialized files (Serialized files now loaded: 0)
System memory in use before: 65.6 MB.
System memory in use after: 65.7 MB.

Unloading 10 unused Assets to reduce memory usage. Loaded Objects now: 1811.
Total: 2.749300 ms (FindLiveObjects: 0.298900 ms CreateObjectMapping: 0.122000 ms MarkObjects: 2.242300 ms  DeleteObjects: 0.084600 ms)

========================================================================
Received Prepare
Registering precompiled user dll's ...
Registered in 0.002759 seconds.
Begin MonoManager ReloadAssembly
Native extension for WindowsStandalone target not found
Refreshing native plugins compatible for Editor in 0.29 ms, found 0 plugins.
Preloading 0 native plugins for Editor in 0.00 ms.
Mono: successfully reloaded assembly
- Completed reload, in  0.991 seconds
Platform modules already initialized, skipping
Refreshing native plugins compatible for Editor in 0.49 ms, found 0 plugins.
Preloading 0 native plugins for Editor in 0.00 ms.
Unloading 1337 Unused Serialized files (Serialized files now loaded: 0)
System memory in use before: 65.6 MB.
System memory in use after: 65.7 MB.

Unloading 10 unused Assets to reduce memory usage. Loaded Objects now: 1815.
Total: 2.048700 ms (FindLiveObjects: 0.332700 ms CreateObjectMapping: 0.090400 ms MarkObjects: 1.568700 ms  DeleteObjects: 0.055700 ms)

========================================================================
Received Prepare
Registering precompiled user dll's ...
Registered in 0.004009 seconds.
Begin MonoManager ReloadAssembly
Native extension for WindowsStandalone target not found
Refreshing native plugins compatible for Editor in 0.29 ms, found 0 plugins.
Preloading 0 native plugins for Editor in 0.00 ms.
Mono: successfully reloaded assembly
- Completed reload, in  0.903 seconds
Platform modules already initialized, skipping
Refreshing native plugins compatible for Editor in 0.53 ms, found 0 plugins.
Preloading 0 native plugins for Editor in 0.00 ms.
Unloading 1337 Unused Serialized files (Serialized files now loaded: 0)
System memory in use before: 65.6 MB.
System memory in use after: 65.7 MB.

Unloading 10 unused Assets to reduce memory usage. Loaded Objects now: 1819.
Total: 1.714100 ms (FindLiveObjects: 0.186200 ms CreateObjectMapping: 0.051500 ms MarkObjects: 1.417700 ms  DeleteObjects: 0.057300 ms)

========================================================================
Received Import Request.
  Time since last request: 1738.167580 seconds.
  path: Assets/Scripts/GameManager.cs
  artifactKey: Guid(6ba3a5d3b9925b44a81f50cc04c4d0e4) Importer(815301076,1909f56bfc062723c751e8b465ee728b)
Start importing Assets/Scripts/GameManager.cs using Guid(6ba3a5d3b9925b44a81f50cc04c4d0e4) Importer(815301076,1909f56bfc062723c751e8b465ee728b)  -> (artifact id: 'dae0726917573bb6b21837b4a9e5aebc') in 0.005407 seconds
  Import took 0.008711 seconds .

========================================================================
Received Import Request.
  Time since last request: 0.002632 seconds.
  path: Assets/Scripts/GameManager.cs
  artifactKey: Guid(6ba3a5d3b9925b44a81f50cc04c4d0e4) Importer(815301076,1909f56bfc062723c751e8b465ee728b)
Start importing Assets/Scripts/GameManager.cs using Guid(6ba3a5d3b9925b44a81f50cc04c4d0e4) Importer(815301076,1909f56bfc062723c751e8b465ee728b)  -> (artifact id: 'dae0726917573bb6b21837b4a9e5aebc') in 0.002999 seconds
  Import took 0.005768 seconds .

========================================================================
Received Import Request.
  Time since last request: 1.282004 seconds.
  path: Assets/Scripts/bola.cs
  artifactKey: Guid(7de6817a0d1ecc34ab94cc539b25b3a7) Importer(815301076,1909f56bfc062723c751e8b465ee728b)
Start importing Assets/Scripts/bola.cs using Guid(7de6817a0d1ecc34ab94cc539b25b3a7) Importer(815301076,1909f56bfc062723c751e8b465ee728b)  -> (artifact id: '338b19bf30a420111ab7592cd063ee71') in 0.002379 seconds
  Import took 0.004661 seconds .

========================================================================
Received Import Request.
  Time since last request: 0.001667 seconds.
  path: Assets/Scripts/bola.cs
  artifactKey: Guid(7de6817a0d1ecc34ab94cc539b25b3a7) Importer(815301076,1909f56bfc062723c751e8b465ee728b)
Start importing Assets/Scripts/bola.cs using Guid(7de6817a0d1ecc34ab94cc539b25b3a7) Importer(815301076,1909f56bfc062723c751e8b465ee728b)  -> (artifact id: '338b19bf30a420111ab7592cd063ee71') in 0.002898 seconds
  Import took 0.005275 seconds .

========================================================================
Received Import Request.
  Time since last request: 1.255681 seconds.
  path: Assets/Scripts/jogador1.cs
  artifactKey: Guid(8e776eb9ce7516a44b081ae5e315da88) Importer(815301076,1909f56bfc062723c751e8b465ee728b)
Start importing Assets/Scripts/jogador1.cs using Guid(8e776eb9ce7516a44b081ae5e315da88) Importer(815301076,1909f56bfc062723c751e8b465ee728b)  -> (artifact id: 'ae2248c8c34a41004bdfec99161ed82f') in 0.015005 seconds
  Import took 0.017587 seconds .

========================================================================
Received Prepare
Registering precompiled user dll's ...
Registered in 0.003411 seconds.
Begin MonoManager ReloadAssembly
Native extension for WindowsStandalone target not found
Refreshing native plugins compatible for Editor in 0.43 ms, found 0 plugins.
Preloading 0 native plugins for Editor in 0.00 ms.
Mono: successfully reloaded assembly
- Completed reload, in  1.002 seconds
Platform modules already initialized, skipping
Refreshing native plugins compatible for Editor in 0.61 ms, found 0 plugins.
Preloading 0 native plugins for Editor in 0.00 ms.
Unloading 1337 Unused Serialized files (Serialized files now loaded: 0)
System memory in use before: 65.6 MB.
System memory in use after: 65.7 MB.

Unloading 10 unused Assets to reduce memory usage. Loaded Objects now: 1823.
Total: 3.577900 ms (FindLiveObjects: 0.390500 ms CreateObjectMapping: 0.143200 ms MarkObjects: 2.937900 ms  DeleteObjects: 0.081700 ms)

========================================================================
Received Import Request.
  Time since last request: 25.230431 seconds.
  path: Assets/Scripts/jogador1.cs
  artifactKey: Guid(8e776eb9ce7516a44b081ae5e315da88) Importer(815301076,1909f56bfc062723c751e8b465ee728b)
Start importing Assets/Scripts/jogador1.cs using Guid(8e776eb9ce7516a44b081ae5e315da88) Importer(815301076,1909f56bfc062723c751e8b465ee728b)  -> (artifact id: '2a2594e7dd75e4ba8c4c72e49a5c8ddb') in 0.006845 seconds
  Import took 0.010807 seconds .

========================================================================
Received Prepare
Registering precompiled user dll's ...
Registered in 0.002940 seconds.
Begin MonoManager ReloadAssembly
Native extension for WindowsStandalone target not found
Refreshing native plugins compatible for Editor in 0.38 ms, found 0 plugins.
Preloading 0 native plugins for Editor in 0.00 ms.
Mono: successfully reloaded assembly
- Completed reload, in  0.912 seconds
Platform modules already initialized, skipping
Refreshing native plugins compatible for Editor in 0.74 ms, found 0 plugins.
Preloading 0 native plugins for Editor in 0.00 ms.
Unloading 1337 Unused Serialized files (Serialized files now loaded: 0)
System memory in use before: 65.6 MB.
System memory in use after: 65.7 MB.

Unloading 10 unused Assets to reduce memory usage. Loaded Objects now: 1827.
Total: 4.353300 ms (FindLiveObjects: 0.305500 ms CreateObjectMapping: 0.107700 ms MarkObjects: 3.852300 ms  DeleteObjects: 0.085600 ms)

========================================================================
Received Prepare
Registering precompiled user dll's ...
Registered in 0.003126 seconds.
Begin MonoManager ReloadAssembly
Native extension for WindowsStandalone target not found
Refreshing native plugins compatible for Editor in 0.38 ms, found 0 plugins.
Preloading 0 native plugins for Editor in 0.00 ms.
Mono: successfully reloaded assembly
- Completed reload, in  1.018 seconds
Platform modules already initialized, skipping
Refreshing native plugins compatible for Editor in 0.54 ms, found 0 plugins.
Preloading 0 native plugins for Editor in 0.00 ms.
Unloading 1337 Unused Serialized files (Serialized files now loaded: 0)
System memory in use before: 65.6 MB.
System memory in use after: 65.7 MB.

Unloading 10 unused Assets to reduce memory usage. Loaded Objects now: 1831.
Total: 3.632000 ms (FindLiveObjects: 0.374900 ms CreateObjectMapping: 0.122500 ms MarkObjects: 3.050800 ms  DeleteObjects: 0.081800 ms)

========================================================================
Received Prepare
Registering precompiled user dll's ...
Registered in 0.002645 seconds.
Begin MonoManager ReloadAssembly
Native extension for WindowsStandalone target not found
Refreshing native plugins compatible for Editor in 0.52 ms, found 0 plugins.
Preloading 0 native plugins for Editor in 0.00 ms.
Mono: successfully reloaded assembly
- Completed reload, in  0.926 seconds
Platform modules already initialized, skipping
Refreshing native plugins compatible for Editor in 0.57 ms, found 0 plugins.
Preloading 0 native plugins for Editor in 0.00 ms.
Unloading 1337 Unused Serialized files (Serialized files now loaded: 0)
System memory in use before: 65.7 MB.
System memory in use after: 65.7 MB.

Unloading 10 unused Assets to reduce memory usage. Loaded Objects now: 1835.
Total: 1.815300 ms (FindLiveObjects: 0.163800 ms CreateObjectMapping: 0.042800 ms MarkObjects: 1.557300 ms  DeleteObjects: 0.049600 ms)

========================================================================
Received Prepare
Registering precompiled user dll's ...
Registered in 0.003214 seconds.
Begin MonoManager ReloadAssembly
Native extension for WindowsStandalone target not found
Refreshing native plugins compatible for Editor in 0.30 ms, found 0 plugins.
Preloading 0 native plugins for Editor in 0.00 ms.
Mono: successfully reloaded assembly
- Completed reload, in  0.933 seconds
Platform modules already initialized, skipping
Refreshing native plugins compatible for Editor in 0.53 ms, found 0 plugins.
Preloading 0 native plugins for Editor in 0.00 ms.
Unloading 1337 Unused Serialized files (Serialized files now loaded: 0)
System memory in use before: 65.7 MB.
System memory in use after: 65.7 MB.

Unloading 10 unused Assets to reduce memory usage. Loaded Objects now: 1839.
Total: 1.757900 ms (FindLiveObjects: 0.147500 ms CreateObjectMapping: 0.043900 ms MarkObjects: 1.516300 ms  DeleteObjects: 0.049400 ms)

========================================================================
Received Prepare
Registering precompiled user dll's ...
Registered in 0.002713 seconds.
Begin MonoManager ReloadAssembly
Native extension for WindowsStandalone target not found
Refreshing native plugins compatible for Editor in 0.34 ms, found 0 plugins.
Preloading 0 native plugins for Editor in 0.00 ms.
Mono: successfully reloaded assembly
- Completed reload, in  0.908 seconds
Platform modules already initialized, skipping
Refreshing native plugins compatible for Editor in 0.51 ms, found 0 plugins.
Preloading 0 native plugins for Editor in 0.00 ms.
Unloading 1337 Unused Serialized files (Serialized files now loaded: 0)
System memory in use before: 65.7 MB.
System memory in use after: 65.7 MB.

Unloading 10 unused Assets to reduce memory usage. Loaded Objects now: 1843.
Total: 1.867100 ms (FindLiveObjects: 0.164300 ms CreateObjectMapping: 0.045100 ms MarkObjects: 1.594000 ms  DeleteObjects: 0.062700 ms)

========================================================================
Received Prepare
Registering precompiled user dll's ...
Registered in 0.003640 seconds.
Begin MonoManager ReloadAssembly
Native extension for WindowsStandalone target not found
Refreshing native plugins compatible for Editor in 0.35 ms, found 0 plugins.
Preloading 0 native plugins for Editor in 0.00 ms.
Mono: successfully reloaded assembly
- Completed reload, in  0.932 seconds
Platform modules already initialized, skipping
Refreshing native plugins compatible for Editor in 0.56 ms, found 0 plugins.
Preloading 0 native plugins for Editor in 0.00 ms.
Unloading 1337 Unused Serialized files (Serialized files now loaded: 0)
System memory in use before: 65.7 MB.
System memory in use after: 65.8 MB.

Unloading 10 unused Assets to reduce memory usage. Loaded Objects now: 1847.
Total: 3.135400 ms (FindLiveObjects: 0.286900 ms CreateObjectMapping: 0.084900 ms MarkObjects: 2.686200 ms  DeleteObjects: 0.076000 ms)

========================================================================
Received Prepare
Registering precompiled user dll's ...
Registered in 0.002877 seconds.
Begin MonoManager ReloadAssembly
Native extension for WindowsStandalone target not found
Refreshing native plugins compatible for Editor in 0.31 ms, found 0 plugins.
Preloading 0 native plugins for Editor in 0.00 ms.
Mono: successfully reloaded assembly
- Completed reload, in  0.943 seconds
Platform modules already initialized, skipping
Refreshing native plugins compatible for Editor in 0.53 ms, found 0 plugins.
Preloading 0 native plugins for Editor in 0.00 ms.
Unloading 1337 Unused Serialized files (Serialized files now loaded: 0)
System memory in use before: 65.7 MB.
System memory in use after: 65.8 MB.

Unloading 10 unused Assets to reduce memory usage. Loaded Objects now: 1851.
Total: 2.964800 ms (FindLiveObjects: 0.295800 ms CreateObjectMapping: 0.100500 ms MarkObjects: 2.481200 ms  DeleteObjects: 0.085700 ms)

========================================================================
Received Prepare
Registering precompiled user dll's ...
Registered in 0.002877 seconds.
Begin MonoManager ReloadAssembly
Native extension for WindowsStandalone target not found
Refreshing native plugins compatible for Editor in 0.30 ms, found 0 plugins.
Preloading 0 native plugins for Editor in 0.00 ms.
Mono: successfully reloaded assembly
- Completed reload, in  0.933 seconds
Platform modules already initialized, skipping
Refreshing native plugins compatible for Editor in 0.57 ms, found 0 plugins.
Preloading 0 native plugins for Editor in 0.00 ms.
Unloading 1337 Unused Serialized files (Serialized files now loaded: 0)
System memory in use before: 65.7 MB.
System memory in use after: 65.8 MB.

Unloading 10 unused Assets to reduce memory usage. Loaded Objects now: 1855.
Total: 3.366300 ms (FindLiveObjects: 0.326400 ms CreateObjectMapping: 0.110700 ms MarkObjects: 2.849100 ms  DeleteObjects: 0.077700 ms)

========================================================================
Received Prepare
Registering precompiled user dll's ...
Registered in 0.006856 seconds.
Begin MonoManager ReloadAssembly
Native extension for WindowsStandalone target not found
Refreshing native plugins compatible for Editor in 0.93 ms, found 0 plugins.
Preloading 0 native plugins for Editor in 0.00 ms.
Mono: successfully reloaded assembly
- Completed reload, in  1.833 seconds
Platform modules already initialized, skipping
Refreshing native plugins compatible for Editor in 1.32 ms, found 0 plugins.
Preloading 0 native plugins for Editor in 0.00 ms.
Unloading 1337 Unused Serialized files (Serialized files now loaded: 0)
System memory in use before: 65.7 MB.
System memory in use after: 65.8 MB.

Unloading 10 unused Assets to reduce memory usage. Loaded Objects now: 1859.
Total: 5.872800 ms (FindLiveObjects: 0.695800 ms CreateObjectMapping: 0.405400 ms MarkObjects: 4.659100 ms  DeleteObjects: 0.109600 ms)

========================================================================
Received Prepare
Refreshing native plugins compatible for Editor in 4.32 ms, found 0 plugins.
Preloading 0 native plugins for Editor in 0.00 ms.
Unloading 8 Unused Serialized files (Serialized files now loaded: 0)
System memory in use before: 39.4 MB.
System memory in use after: 39.5 MB.

Unloading 8 unused Assets to reduce memory usage. Loaded Objects now: 1859.
Total: 3.235700 ms (FindLiveObjects: 0.253100 ms CreateObjectMapping: 0.087300 ms MarkObjects: 2.795300 ms  DeleteObjects: 0.097600 ms)

========================================================================
Received Import Request.
  Time since last request: 1162.061543 seconds.
  path: Assets/Scripts/GameManager.cs
  artifactKey: Guid(6ba3a5d3b9925b44a81f50cc04c4d0e4) Importer(815301076,1909f56bfc062723c751e8b465ee728b)
Start importing Assets/Scripts/GameManager.cs using Guid(6ba3a5d3b9925b44a81f50cc04c4d0e4) Importer(815301076,1909f56bfc062723c751e8b465ee728b)  -> (artifact id: 'bb19bd9931dcc5f852a73d205e46cd15') in 0.015379 seconds
  Import took 0.018400 seconds .

========================================================================
Received Import Request.
  Time since last request: 0.020725 seconds.
  path: Assets/Scripts/GameManager.cs
  artifactKey: Guid(6ba3a5d3b9925b44a81f50cc04c4d0e4) Importer(815301076,1909f56bfc062723c751e8b465ee728b)
Start importing Assets/Scripts/GameManager.cs using Guid(6ba3a5d3b9925b44a81f50cc04c4d0e4) Importer(815301076,1909f56bfc062723c751e8b465ee728b)  -> (artifact id: 'bb19bd9931dcc5f852a73d205e46cd15') in 0.003387 seconds
  Import took 0.008774 seconds .

AssetImportWorkerClient::OnTransportError - code=2 error=End of file
